INFO  : 2015-05-25 11:11:14,640: class CalcSheet.MainFrame:: Uruchomiono aplikacje Projekt zespo³owy: calcSheet
INFO  : 2015-05-25 11:11:26,768: class CalcSheet.Gui.CenterPanel:: Wygenerowanie przyk³adowych wartoœci arkusza
INFO  : 2015-05-25 11:11:53,716: class CalcSheet.SheetComponent.CellMenu:: Utworzenie grafu
INFO  : 2015-05-25 11:12:26,527: class CalcSheet.Gui.CenterPanel:: Dodano nowy arkusz
INFO  : 2015-05-25 11:12:33,382: class CalcSheet.Gui.CenterPanel:: Wygenerowanie przyk³adowych wartoœci arkusza
INFO  : 2015-05-25 11:12:54,322: class CalcSheet.SheetComponent.CellMenu:: Utworzenie grafu
INFO  : 2015-05-25 11:13:15,070: class CalcSheet.SheetComponent.CellMenu:: Utworzenie grafu
INFO  : 2015-05-25 11:13:30,277: class CalcSheet.MainFrame$1:: Wy³¹czenie aplikacji
INFO  : 2015-05-25 11:18:08,466: class CalcSheet.MainFrame:: Uruchomiono aplikacje Projekt zespo³owy: calcSheet
INFO  : 2015-05-25 11:18:12,284: class CalcSheet.Gui.CenterPanel:: Wygenerowanie przyk³adowych wartoœci arkusza
INFO  : 2015-05-25 11:18:28,155: class CalcSheet.SheetComponent.CellMenu:: Utworzenie grafu
INFO  : 2015-05-25 11:18:56,336: class CalcSheet.SheetComponent.CellMenu:: Utworzenie grafu
INFO  : 2015-05-25 11:19:32,949: class CalcSheet.SheetComponent.CellMenu:: Utworzenie grafu
INFO  : 2015-05-25 11:19:45,312: class CalcSheet.SheetComponent.CellMenu:: Utworzenie grafu
INFO  : 2015-05-25 11:19:55,151: class CalcSheet.SheetComponent.CellMenu:: Utworzenie grafu
INFO  : 2015-05-25 11:20:11,695: class CalcSheet.MainFrame$1:: Wy³¹czenie aplikacji
INFO  : 2015-05-25 11:22:07,244: class CalcSheet.MainFrame:: Uruchomiono aplikacje Projekt zespo³owy: calcSheet
INFO  : 2015-05-25 11:22:10,361: class CalcSheet.Gui.CenterPanel:: Wygenerowanie przyk³adowych wartoœci arkusza
INFO  : 2015-05-25 11:22:24,537: class CalcSheet.Gui.ToolBar:: Utworzenie grafu
INFO  : 2015-05-25 11:22:28,911: class CalcSheet.MainFrame$1:: Wy³¹czenie aplikacji
INFO  : 2015-05-25 14:35:28,302: class CalcSheet.MainFrame:: Uruchomiono aplikacje Projekt zespo³owy: calcSheet
INFO  : 2015-05-25 14:35:32,825: class CalcSheet.MainFrame$1:: Wy³¹czenie aplikacji
INFO  : 2015-05-25 14:35:50,084: class CalcSheet.MainFrame:: Uruchomiono aplikacje Projekt zespo³owy: calcSheet
INFO  : 2015-05-25 14:36:07,943: class CalcSheet.Gui.CenterPanel:: Dodano nowy arkusz
INFO  : 2015-05-25 14:36:11,391: class CalcSheet.Gui.CenterPanel:: Wygenerowanie przyk³adowych wartoœci arkusza
INFO  : 2015-05-25 14:36:13,874: class CalcSheet.Gui.ToolBar:: Obliczono warto?? sinus zaznaczonych kom?rek
INFO  : 2015-05-25 14:36:14,650: class CalcSheet.Gui.ToolBar:: Obliczono warto?? cos zaznaczonych kom?rek
INFO  : 2015-05-25 14:36:15,298: class CalcSheet.Gui.ToolBar:: Obliczono warto?? tangens zaznaczonych kom?rek
INFO  : 2015-05-25 14:36:15,978: class CalcSheet.Gui.ToolBar:: Obliczono warto?? cotangens zaznaczonych kom?rek
INFO  : 2015-05-25 14:36:20,580: class CalcSheet.Gui.ToolBar:: Obliczono sum? zaznaczonych kom?rek r?wn?:7.6984118165741195
INFO  : 2015-05-25 14:38:11,555: class CalcSheet.MainFrame$1:: Wy³¹czenie aplikacji
INFO  : 2015-05-25 14:38:14,985: class CalcSheet.MainFrame:: Uruchomiono aplikacje Projekt zespo³owy: calcSheet
INFO  : 2015-05-25 14:38:20,101: class CalcSheet.Gui.CenterPanel:: Dodano nowy arkusz
INFO  : 2015-05-25 14:38:24,403: class CalcSheet.Gui.CenterPanel:: Wygenerowanie przyk³adowych wartoœci arkusza
INFO  : 2015-05-25 14:38:31,563: class CalcSheet.SheetComponent.CellMenu:: Utworzenie grafu
INFO  : 2015-05-25 14:39:18,333: class CalcSheet.MainFrame:: Uruchomiono aplikacje Projekt zespo³owy: calcSheet
INFO  : 2015-05-25 14:39:21,246: class CalcSheet.Gui.CenterPanel:: Wygenerowanie przyk³adowych wartoœci arkusza
INFO  : 2015-05-25 14:39:34,284: class CalcSheet.SheetComponent.CellMenu:: Utworzenie grafu
INFO  : 2015-05-25 14:39:36,907: class CalcSheet.MainFrame$1:: Wy³¹czenie aplikacji
INFO  : 2015-05-25 14:42:26,883: class CalcSheet.MainFrame:: Uruchomiono aplikacje Projekt zespo³owy: calcSheet
INFO  : 2015-05-25 14:42:30,568: class CalcSheet.Gui.CenterPanel:: Dodano nowy arkusz
INFO  : 2015-05-25 14:42:33,880: class CalcSheet.Gui.CenterPanel:: Wygenerowanie przyk³adowych wartoœci arkusza
INFO  : 2015-05-25 14:42:40,362: class CalcSheet.SheetComponent.CellMenu:: Utworzenie grafu
INFO  : 2015-05-25 14:42:51,467: class CalcSheet.SheetComponent.CellMenu:: Utworzenie grafu
INFO  : 2015-05-25 14:43:01,489: class CalcSheet.SheetComponent.CellMenu:: Utworzenie grafu
INFO  : 2015-05-25 14:43:46,127: class CalcSheet.SheetComponent.CellMenu:: Utworzenie grafu
INFO  : 2015-05-25 14:43:52,160: class CalcSheet.MainFrame$1:: Wy³¹czenie aplikacji
INFO  : 2015-05-25 23:16:57,937: class CalcSheet.MainFrame:: Uruchomiono aplikacje Projekt zespo³owy: calcSheet
INFO  : 2015-05-25 23:17:26,200: class CalcSheet.Gui.CenterPanel:: Dodano nowy arkusz
INFO  : 2015-05-25 23:22:49,274: class CalcSheet.MainFrame:: Uruchomiono aplikacje Projekt zespo³owy: calcSheet
INFO  : 2015-05-25 23:23:05,561: class CalcSheet.Gui.CenterPanel:: Wygenerowanie przyk³adowych wartoœci arkusza
INFO  : 2015-05-25 23:23:11,975: class CalcSheet.SheetComponent.CellMenu:: Utworzenie grafu
INFO  : 2015-05-25 23:23:34,035: class CalcSheet.SheetComponent.CellMenu:: Utworzenie grafu
INFO  : 2015-05-25 23:23:47,852: class CalcSheet.Gui.ToolBar:: Obliczono sum? zaznaczonych kom?rek r?wn?:9359.431793372825
INFO  : 2015-05-25 23:23:52,899: class CalcSheet.MainFrame$1:: Wy³¹czenie aplikacji
INFO  : 2015-05-25 23:34:12,860: class CalcSheet.MainFrame:: Uruchomiono aplikacje Projekt zespo³owy: calcSheet
INFO  : 2015-05-25 23:42:19,363: class CalcSheet.MainFrame:: Uruchomiono aplikacje Projekt zespo³owy: calcSheet
INFO  : 2015-05-25 23:42:33,081: class CalcSheet.MainFrame$1:: Wy³¹czenie aplikacji
INFO  : 2015-05-25 23:43:32,230: class CalcSheet.MainFrame:: Uruchomiono aplikacje Projekt zespo³owy: calcSheet
INFO  : 2015-05-25 23:43:44,937: class CalcSheet.MainFrame$1:: Wy³¹czenie aplikacji
INFO  : 2015-05-26 00:19:45,563: class CalcSheet.MainFrame:: Uruchomiono aplikacje Projekt zespo³owy: calcSheet
INFO  : 2015-05-26 00:19:49,128: class CalcSheet.Gui.CenterPanel:: Wygenerowanie przyk³adowych wartoœci arkusza
INFO  : 2015-05-26 00:19:59,618: class CalcSheet.MainFrame$1:: Wy³¹czenie aplikacji
INFO  : 2015-05-26 00:25:31,294: class CalcSheet.MainFrame:: Uruchomiono aplikacje Projekt zespo³owy: calcSheet
INFO  : 2015-05-26 00:25:35,074: class CalcSheet.Gui.CenterPanel:: Wygenerowanie przyk³adowych wartoœci arkusza
INFO  : 2015-05-26 00:25:40,601: class CalcSheet.SheetComponent.CellMenu:: Utworzenie grafu
INFO  : 2015-05-26 00:25:45,677: class CalcSheet.MainFrame$1:: Wy³¹czenie aplikacji
INFO  : 2015-05-26 00:31:03,534: class CalcSheet.MainFrame:: Uruchomiono aplikacje Projekt zespo³owy: calcSheet
INFO  : 2015-05-26 00:31:20,692: class CalcSheet.Gui.CenterPanel:: Dodano nowy arkusz
INFO  : 2015-05-26 00:31:34,463: class CalcSheet.Gui.CenterPanel:: Dodano nowy arkusz
INFO  : 2015-05-26 00:31:57,966: class CalcSheet.Gui.CenterPanel:: Wygenerowanie przyk³adowych wartoœci arkusza
INFO  : 2015-05-26 00:32:44,316: class CalcSheet.SheetComponent.CellMenu:: Utworzenie grafu
INFO  : 2015-05-26 00:33:03,712: class CalcSheet.MainFrame$1:: Wy³¹czenie aplikacji
INFO  : 2015-05-26 08:35:54,488: class CalcSheet.MainFrame:: Uruchomiono aplikacje Projekt zespo³owy: calcSheet
INFO  : 2015-05-26 08:36:14,888: class CalcSheet.Gui.CenterPanel:: Dodano nowy arkusz
INFO  : 2015-05-26 08:36:39,315: class CalcSheet.Gui.CenterPanel:: Dodano nowy arkusz
INFO  : 2015-05-26 08:36:43,853: class CalcSheet.Gui.CenterPanel:: Wygenerowanie przyk³adowych wartoœci arkusza
INFO  : 2015-05-26 08:37:21,967: class CalcSheet.SheetComponent.CellMenu:: Utworzenie grafu
INFO  : 2015-05-26 08:37:39,451: class CalcSheet.Gui.CenterPanel:: Arkusz zosta³ usuniêty
INFO  : 2015-05-26 08:38:04,929: class CalcSheet.SheetComponent.CellMenu:: Utworzenie grafu
INFO  : 2015-05-26 08:38:41,230: class CalcSheet.SheetComponent.CellMenu:: Utworzenie grafu
INFO  : 2015-05-26 08:38:56,321: class CalcSheet.SheetComponent.CellMenu:: Utworzenie grafu
INFO  : 2015-05-26 08:39:38,419: class CalcSheet.MainFrame$1:: Wy³¹czenie aplikacji
INFO  : 2015-05-26 08:39:55,260: class CalcSheet.MainFrame:: Uruchomiono aplikacje Projekt zespo³owy: calcSheet
INFO  : 2015-05-26 08:40:07,073: class CalcSheet.Gui.CenterPanel:: Dodano nowy arkusz
INFO  : 2015-05-26 08:40:23,843: class CalcSheet.Gui.ToolBar:: Obliczono wartoœæ sinus zaznaczonych komórek
INFO  : 2015-05-26 08:40:31,766: class CalcSheet.SheetComponent.CellMenu:: Utworzenie grafu
INFO  : 2015-05-26 08:40:50,074: class CalcSheet.SheetComponent.CellMenu:: Utworzenie grafu
INFO  : 2015-05-26 08:41:13,083: class CalcSheet.Gui.ToolBar:: Obliczono sumê zaznaczonych komórek równ¹:9.297561126569914
INFO  : 2015-05-26 08:41:14,736: class CalcSheet.Gui.ToolBar:: Obliczono wartoœæ tangens zaznaczonych komórek
INFO  : 2015-05-26 08:41:15,752: class CalcSheet.Gui.ToolBar:: Obliczono wartoœæ cotangens zaznaczonych komórek
INFO  : 2015-05-26 08:42:23,794: class CalcSheet.MainFrame$1:: Wy³¹czenie aplikacji
INFO  : 2015-05-26 10:49:49,745: class CalcSheet.MainFrame:: Uruchomiono aplikacje Projekt zespo³owy: calcSheet
INFO  : 2015-05-26 10:50:04,423: class CalcSheet.Gui.CenterPanel:: Wygenerowanie przyk³adowych wartoœci arkusza
INFO  : 2015-05-26 10:50:20,694: class CalcSheet.Gui.CenterPanel:: Dodano nowy arkusz
INFO  : 2015-05-26 10:51:17,626: class CalcSheet.SheetComponent.CellMenu:: Utworzenie grafu
INFO  : 2015-05-26 10:51:46,255: class CalcSheet.MainFrame$1:: Wy³¹czenie aplikacji
